<?xml version="1.0" encoding="UTF-8"?>
<!-- Generated by org.testng.reporters.JUnitXMLReporter -->
<testsuite ignored="0" hostname="DESKTOP-N4O58AT" failures="0" tests="4" name="Default test" time="47.563" errors="0" timestamp="14 Jul 2024 22:11:55 GMT">
  <testcase classname="tests.TestPlaceOrderWithCheckout" name="UserRegistration" time="10.172"/>
  <testcase classname="tests.TestPlaceOrderWithCheckout" name="chooseTheProduct" time="4.273"/>
  <testcase classname="tests.TestPlaceOrderWithCheckout" name="addToComparelist" time="11.074"/>
  <testcase classname="tests.TestPlaceOrderWithCheckout" name="proceedAndFillCheckout" time="21.895"/>
</testsuite> <!-- Default test -->
